[0.000000] (-) TimerEvent: {}
[0.000723] (-) JobUnselected: {'identifier': 'my_package'}
[0.001416] (-) JobUnselected: {'identifier': 'py_pubsub'}
[0.001471] (-) JobUnselected: {'identifier': 'py_srvcli'}
[0.001560] (-) JobUnselected: {'identifier': 'turtlesim'}
[0.001619] (-) JobUnselected: {'identifier': 'tutorial_interfaces'}
[0.001665] (tutorial_interfaces2) JobQueued: {'identifier': 'tutorial_interfaces2', 'dependencies': OrderedDict()}
[0.001742] (tutorial_interfaces2) JobStarted: {'identifier': 'tutorial_interfaces2'}
[0.014597] (tutorial_interfaces2) JobProgress: {'identifier': 'tutorial_interfaces2', 'progress': 'cmake'}
[0.015743] (tutorial_interfaces2) Command: {'cmd': ['/usr/bin/cmake', '/home/zj/cx/LearnRos2/ros2_ws/src/tutorial_interfaces2', '-DCMAKE_INSTALL_PREFIX=/home/zj/cx/LearnRos2/ros2_ws/src/install/tutorial_interfaces2'], 'cwd': '/home/zj/cx/LearnRos2/ros2_ws/src/build/tutorial_interfaces2', 'env': OrderedDict([('LESSOPEN', '| /usr/bin/lesspipe %s'), ('no_proxy', ''), ('LANGUAGE', 'en'), ('USER', 'zj'), ('LC_TIME', 'zh_CN.UTF-8'), ('all_proxy', 'socks://127.0.0.1:1081/'), ('SSH_AGENT_PID', '2205'), ('XDG_SESSION_TYPE', 'x11'), ('GIT_ASKPASS', '/usr/share/code/resources/app/extensions/git/dist/askpass.sh'), ('SHLVL', '2'), ('LD_LIBRARY_PATH', '/home/zj/cx/LearnRos2/ros2_ws/install/turtlesim/lib:/opt/ros/rolling/opt/yaml_cpp_vendor/lib:/opt/ros/rolling/opt/rviz_ogre_vendor/lib:/opt/ros/rolling/lib/x86_64-linux-gnu:/opt/ros/rolling/lib'), ('QT4_IM_MODULE', 'fcitx'), ('HOME', '/home/zj'), ('CHROME_DESKTOP', 'code-url-handler.desktop'), ('OLDPWD', '/home/zj/cx/LearnRos2/ros2_ws'), ('TERM_PROGRAM_VERSION', '1.77.0'), ('DESKTOP_SESSION', 'ubuntu'), ('NO_PROXY', ''), ('ROS_PYTHON_VERSION', '3'), ('GNOME_SHELL_SESSION_MODE', 'ubuntu'), ('GTK_MODULES', 'gail:atk-bridge'), ('VSCODE_GIT_ASKPASS_MAIN', '/usr/share/code/resources/app/extensions/git/dist/askpass-main.js'), ('LC_MONETARY', 'zh_CN.UTF-8'), ('VSCODE_GIT_ASKPASS_NODE', '/usr/share/code/code'), ('MANAGERPID', '2028'), ('DBUS_STARTER_BUS_TYPE', 'session'), ('DBUS_SESSION_BUS_ADDRESS', 'unix:path=/run/user/1000/bus,guid=17855be591d026dbc593e7db642bdc8c'), ('COLORTERM', 'truecolor'), ('IM_CONFIG_PHASE', '1'), ('COLCON_PREFIX_PATH', '/home/zj/cx/LearnRos2/ros2_ws/install'), ('ROS_DISTRO', 'rolling'), ('GTK_IM_MODULE', 'fcitx'), ('LOGNAME', 'zj'), ('ALL_PROXY', 'socks://127.0.0.1:1081/'), ('JOURNAL_STREAM', '8:41850'), ('_', '/usr/bin/colcon'), ('ROS_VERSION', '2'), ('XDG_SESSION_CLASS', 'user'), ('USERNAME', 'zj'), ('TERM', 'xterm-256color'), ('GNOME_DESKTOP_SESSION_ID', 'this-is-deprecated'), ('ROS_LOCALHOST_ONLY', '0'), ('WINDOWPATH', '2'), ('PATH', '/opt/ros/rolling/bin:/usr/local/sbin:/usr/local/bin:/usr/sbin:/usr/bin:/sbin:/bin:/usr/games:/usr/local/games:/snap/bin'), ('SESSION_MANAGER', 'local/zj-Precision-5820-Tower:@/tmp/.ICE-unix/2248,unix/zj-Precision-5820-Tower:/tmp/.ICE-unix/2248'), ('INVOCATION_ID', '233482ddd2b54647aaab6978578a9ad4'), ('PAPERSIZE', 'a4'), ('XDG_MENU_PREFIX', 'gnome-'), ('LC_ADDRESS', 'zh_CN.UTF-8'), ('GNOME_TERMINAL_SCREEN', '/org/gnome/Terminal/screen/eacc803c_6a4e_4dcc_9258_519e550e7935'), ('XDG_RUNTIME_DIR', '/run/user/1000'), ('GDK_BACKEND', 'x11'), ('DISPLAY', ':1'), ('LANG', 'en_US.UTF-8'), ('XDG_CURRENT_DESKTOP', 'Unity'), ('LC_TELEPHONE', 'zh_CN.UTF-8'), ('XMODIFIERS', '@im=fcitx'), ('XDG_SESSION_DESKTOP', 'ubuntu'), ('XAUTHORITY', '/run/user/1000/gdm/Xauthority'), ('LS_COLORS', 'rs=0:di=01;34:ln=01;36:mh=00:pi=40;33:so=01;35:do=01;35:bd=40;33;01:cd=40;33;01:or=40;31;01:mi=00:su=37;41:sg=30;43:ca=30;41:tw=30;42:ow=34;42:st=37;44:ex=01;32:*.tar=01;31:*.tgz=01;31:*.arc=01;31:*.arj=01;31:*.taz=01;31:*.lha=01;31:*.lz4=01;31:*.lzh=01;31:*.lzma=01;31:*.tlz=01;31:*.txz=01;31:*.tzo=01;31:*.t7z=01;31:*.zip=01;31:*.z=01;31:*.dz=01;31:*.gz=01;31:*.lrz=01;31:*.lz=01;31:*.lzo=01;31:*.xz=01;31:*.zst=01;31:*.tzst=01;31:*.bz2=01;31:*.bz=01;31:*.tbz=01;31:*.tbz2=01;31:*.tz=01;31:*.deb=01;31:*.rpm=01;31:*.jar=01;31:*.war=01;31:*.ear=01;31:*.sar=01;31:*.rar=01;31:*.alz=01;31:*.ace=01;31:*.zoo=01;31:*.cpio=01;31:*.7z=01;31:*.rz=01;31:*.cab=01;31:*.wim=01;31:*.swm=01;31:*.dwm=01;31:*.esd=01;31:*.jpg=01;35:*.jpeg=01;35:*.mjpg=01;35:*.mjpeg=01;35:*.gif=01;35:*.bmp=01;35:*.pbm=01;35:*.pgm=01;35:*.ppm=01;35:*.tga=01;35:*.xbm=01;35:*.xpm=01;35:*.tif=01;35:*.tiff=01;35:*.png=01;35:*.svg=01;35:*.svgz=01;35:*.mng=01;35:*.pcx=01;35:*.mov=01;35:*.mpg=01;35:*.mpeg=01;35:*.m2v=01;35:*.mkv=01;35:*.webm=01;35:*.ogm=01;35:*.mp4=01;35:*.m4v=01;35:*.mp4v=01;35:*.vob=01;35:*.qt=01;35:*.nuv=01;35:*.wmv=01;35:*.asf=01;35:*.rm=01;35:*.rmvb=01;35:*.flc=01;35:*.avi=01;35:*.fli=01;35:*.flv=01;35:*.gl=01;35:*.dl=01;35:*.xcf=01;35:*.xwd=01;35:*.yuv=01;35:*.cgm=01;35:*.emf=01;35:*.ogv=01;35:*.ogx=01;35:*.aac=00;36:*.au=00;36:*.flac=00;36:*.m4a=00;36:*.mid=00;36:*.midi=00;36:*.mka=00;36:*.mp3=00;36:*.mpc=00;36:*.ogg=00;36:*.ra=00;36:*.wav=00;36:*.oga=00;36:*.opus=00;36:*.spx=00;36:*.xspf=00;36:'), ('VSCODE_GIT_IPC_HANDLE', '/run/user/1000/vscode-git-b67525381f.sock'), ('GNOME_TERMINAL_SERVICE', ':1.82'), ('TERM_PROGRAM', 'vscode'), ('SSH_AUTH_SOCK', '/run/user/1000/keyring/ssh'), ('AMENT_PREFIX_PATH', '/home/zj/cx/LearnRos2/ros2_ws/install/turtlesim:/home/zj/cx/LearnRos2/ros2_ws/install/py_srvcli:/home/zj/cx/LearnRos2/ros2_ws/install/py_pubsub:/home/zj/cx/LearnRos2/ros2_ws/install/my_package:/opt/ros/rolling'), ('ORIGINAL_XDG_CURRENT_DESKTOP', 'ubuntu:GNOME'), ('SHELL', '/bin/bash'), ('LC_NAME', 'zh_CN.UTF-8'), ('QT_ACCESSIBILITY', '1'), ('GDMSESSION', 'ubuntu'), ('LESSCLOSE', '/usr/bin/lesspipe %s %s'), ('LC_MEASUREMENT', 'zh_CN.UTF-8'), ('GPG_AGENT_INFO', '/run/user/1000/gnupg/S.gpg-agent:0:1'), ('LC_IDENTIFICATION', 'zh_CN.UTF-8'), ('VSCODE_GIT_ASKPASS_EXTRA_ARGS', '--ms-enable-electron-run-as-node'), ('QT_IM_MODULE', 'fcitx'), ('PWD', '/home/zj/cx/LearnRos2/ros2_ws/src/build/tutorial_interfaces2'), ('LC_ALL', 'en_US.UTF-8'), ('XDG_CONFIG_DIRS', '/etc/xdg/xdg-ubuntu:/etc/xdg'), ('CLUTTER_IM_MODULE', 'fcitx'), ('DBUS_STARTER_ADDRESS', 'unix:path=/run/user/1000/bus,guid=17855be591d026dbc593e7db642bdc8c'), ('XDG_DATA_DIRS', '/usr/share/ubuntu:/usr/local/share/:/usr/share/:/var/lib/snapd/desktop'), ('PYTHONPATH', '/home/zj/cx/LearnRos2/ros2_ws/install/turtlesim/lib/python3.8/site-packages:/home/zj/cx/LearnRos2/ros2_ws/install/py_srvcli/lib/python3.8/site-packages:/home/zj/cx/LearnRos2/ros2_ws/install/py_pubsub/lib/python3.8/site-packages:/home/zj/cx/LearnRos2/ros2_ws/install/my_package/lib/python3.8/site-packages:/opt/ros/rolling/lib/python3.8/site-packages'), ('LC_NUMERIC', 'zh_CN.UTF-8'), ('LC_PAPER', 'zh_CN.UTF-8'), ('COLCON', '1'), ('VTE_VERSION', '6003'), ('CMAKE_PREFIX_PATH', '/home/zj/cx/LearnRos2/ros2_ws/install/turtlesim')]), 'shell': False}
[0.099879] (-) TimerEvent: {}
[0.119341] (tutorial_interfaces2) StdoutLine: {'line': b'-- The C compiler identification is GNU 9.4.0\n'}
[0.200062] (-) TimerEvent: {}
[0.208243] (tutorial_interfaces2) StdoutLine: {'line': b'-- The CXX compiler identification is GNU 9.4.0\n'}
[0.216579] (tutorial_interfaces2) StdoutLine: {'line': b'-- Check for working C compiler: /usr/bin/cc\n'}
[0.300271] (-) TimerEvent: {}
[0.356557] (tutorial_interfaces2) StdoutLine: {'line': b'-- Check for working C compiler: /usr/bin/cc -- works\n'}
[0.358325] (tutorial_interfaces2) StdoutLine: {'line': b'-- Detecting C compiler ABI info\n'}
[0.400405] (-) TimerEvent: {}
[0.486850] (tutorial_interfaces2) StdoutLine: {'line': b'-- Detecting C compiler ABI info - done\n'}
[0.500602] (-) TimerEvent: {}
[0.520467] (tutorial_interfaces2) StdoutLine: {'line': b'-- Detecting C compile features\n'}
[0.521229] (tutorial_interfaces2) StdoutLine: {'line': b'-- Detecting C compile features - done\n'}
[0.524060] (tutorial_interfaces2) StdoutLine: {'line': b'-- Check for working CXX compiler: /usr/bin/c++\n'}
[0.600821] (-) TimerEvent: {}
[0.663307] (tutorial_interfaces2) StdoutLine: {'line': b'-- Check for working CXX compiler: /usr/bin/c++ -- works\n'}
[0.666062] (tutorial_interfaces2) StdoutLine: {'line': b'-- Detecting CXX compiler ABI info\n'}
[0.700960] (-) TimerEvent: {}
[0.801546] (-) TimerEvent: {}
[0.824265] (tutorial_interfaces2) StdoutLine: {'line': b'-- Detecting CXX compiler ABI info - done\n'}
[0.850592] (tutorial_interfaces2) StdoutLine: {'line': b'-- Detecting CXX compile features\n'}
[0.851351] (tutorial_interfaces2) StdoutLine: {'line': b'-- Detecting CXX compile features - done\n'}
[0.862368] (tutorial_interfaces2) StdoutLine: {'line': b'-- Found ament_cmake: 1.2.1 (/opt/ros/rolling/share/ament_cmake/cmake)\n'}
[0.901742] (-) TimerEvent: {}
[1.002251] (-) TimerEvent: {}
[1.017657] (tutorial_interfaces2) StdoutLine: {'line': b'-- Found Python3: /usr/bin/python3.8 (found version "3.8.10") found components: Interpreter \n'}
[1.087163] (tutorial_interfaces2) StdoutLine: {'line': b'-- Found ament_lint_auto: 0.11.4 (/opt/ros/rolling/share/ament_lint_auto/cmake)\n'}
[1.102430] (-) TimerEvent: {}
[1.140446] (tutorial_interfaces2) StderrLine: {'line': b"Error parsing '/home/zj/cx/LearnRos2/ros2_ws/src/tutorial_interfaces2/package.xml':\n"}
[1.202623] (-) TimerEvent: {}
[1.228002] (tutorial_interfaces2) StderrLine: {'line': b'Traceback (most recent call last):\n'}
[1.228330] (tutorial_interfaces2) StderrLine: {'line': b'  File "/usr/lib/python3/dist-packages/catkin_pkg/package.py", line 610, in parse_package_string\n'}
[1.228494] (tutorial_interfaces2) StderrLine: {'line': b'    root = dom.parseString(data)\n'}
[1.228639] (tutorial_interfaces2) StderrLine: {'line': b'  File "/usr/lib/python3.8/xml/dom/minidom.py", line 1969, in parseString\n'}
[1.228842] (tutorial_interfaces2) StderrLine: {'line': b'    return expatbuilder.parseString(string)\n'}
[1.228978] (tutorial_interfaces2) StderrLine: {'line': b'  File "/usr/lib/python3.8/xml/dom/expatbuilder.py", line 925, in parseString\n'}
[1.229143] (tutorial_interfaces2) StderrLine: {'line': b'    return builder.parseString(string)\n'}
[1.229278] (tutorial_interfaces2) StderrLine: {'line': b'  File "/usr/lib/python3.8/xml/dom/expatbuilder.py", line 223, in parseString\n'}
[1.229439] (tutorial_interfaces2) StderrLine: {'line': b'    parser.Parse(string, True)\n'}
[1.229573] (tutorial_interfaces2) StderrLine: {'line': b'xml.parsers.expat.ExpatError: junk after document element: line 20, column 0\n'}
[1.229818] (tutorial_interfaces2) StderrLine: {'line': b'\n'}
[1.229959] (tutorial_interfaces2) StderrLine: {'line': b'During handling of the above exception, another exception occurred:\n'}
[1.230127] (tutorial_interfaces2) StderrLine: {'line': b'\n'}
[1.230261] (tutorial_interfaces2) StderrLine: {'line': b'Traceback (most recent call last):\n'}
[1.230641] (tutorial_interfaces2) StderrLine: {'line': b'  File "/opt/ros/rolling/share/ament_cmake_core/cmake/core/package_xml_2_cmake.py", line 150, in <module>\n'}
[1.230781] (tutorial_interfaces2) StderrLine: {'line': b'    main()\n'}
[1.230915] (tutorial_interfaces2) StderrLine: {'line': b'  File "/opt/ros/rolling/share/ament_cmake_core/cmake/core/package_xml_2_cmake.py", line 53, in main\n'}
[1.231176] (tutorial_interfaces2) StderrLine: {'line': b'    raise e\n'}
[1.231301] (tutorial_interfaces2) StderrLine: {'line': b'  File "/opt/ros/rolling/share/ament_cmake_core/cmake/core/package_xml_2_cmake.py", line 49, in main\n'}
[1.231394] (tutorial_interfaces2) StderrLine: {'line': b'    package = parse_package_string(\n'}
[1.231481] (tutorial_interfaces2) StderrLine: {'line': b'  File "/usr/lib/python3/dist-packages/catkin_pkg/package.py", line 612, in parse_package_string\n'}
[1.231566] (tutorial_interfaces2) StderrLine: {'line': b"    raise InvalidPackage('The manifest contains invalid XML:\\n%s' % ex, filename)\n"}
[1.231649] (tutorial_interfaces2) StderrLine: {'line': b"catkin_pkg.package.InvalidPackage: Error(s) in package '/home/zj/cx/LearnRos2/ros2_ws/src/tutorial_interfaces2/package.xml':\n"}
[1.231777] (tutorial_interfaces2) StderrLine: {'line': b'The manifest contains invalid XML:\n'}
[1.231860] (tutorial_interfaces2) StderrLine: {'line': b'junk after document element: line 20, column 0\n'}
[1.245920] (tutorial_interfaces2) StderrLine: {'line': b'CMake Error at /opt/ros/rolling/share/ament_cmake_core/cmake/core/ament_package_xml.cmake:95 (message):\n'}
[1.246193] (tutorial_interfaces2) StderrLine: {'line': b'  execute_process(/usr/bin/python3.8\n'}
[1.246346] (tutorial_interfaces2) StderrLine: {'line': b'  /opt/ros/rolling/share/ament_cmake_core/cmake/core/package_xml_2_cmake.py\n'}
[1.246511] (tutorial_interfaces2) StderrLine: {'line': b'  /home/zj/cx/LearnRos2/ros2_ws/src/tutorial_interfaces2/package.xml\n'}
[1.246649] (tutorial_interfaces2) StderrLine: {'line': b'  /home/zj/cx/LearnRos2/ros2_ws/src/build/tutorial_interfaces2/ament_cmake_core/package.cmake)\n'}
[1.246759] (tutorial_interfaces2) StderrLine: {'line': b'  returned error code 1\n'}
[1.246866] (tutorial_interfaces2) StderrLine: {'line': b'Call Stack (most recent call first):\n'}
[1.246985] (tutorial_interfaces2) StderrLine: {'line': b'  /opt/ros/rolling/share/ament_cmake_core/cmake/core/ament_package_xml.cmake:49 (_ament_package_xml)\n'}
[1.247098] (tutorial_interfaces2) StderrLine: {'line': b'  /opt/ros/rolling/share/ament_lint_auto/cmake/ament_lint_auto_find_test_dependencies.cmake:31 (ament_package_xml)\n'}
[1.247241] (tutorial_interfaces2) StderrLine: {'line': b'  CMakeLists.txt:23 (ament_lint_auto_find_test_dependencies)\n'}
[1.247350] (tutorial_interfaces2) StderrLine: {'line': b'\n'}
[1.247571] (tutorial_interfaces2) StderrLine: {'line': b'\n'}
[1.247704] (tutorial_interfaces2) StdoutLine: {'line': b'-- Configuring incomplete, errors occurred!\n'}
[1.247848] (tutorial_interfaces2) StdoutLine: {'line': b'See also "/home/zj/cx/LearnRos2/ros2_ws/src/build/tutorial_interfaces2/CMakeFiles/CMakeOutput.log".\n'}
[1.255392] (tutorial_interfaces2) CommandEnded: {'returncode': 1}
[1.256918] (tutorial_interfaces2) JobEnded: {'identifier': 'tutorial_interfaces2', 'rc': 1}
[1.267891] (-) EventReactorShutdown: {}
